{"/Users/usamahamed/Downloads/slotgame-backend/routes/index.js": {"path":"/Users/usamahamed/Downloads/slotgame-backend/routes/index.js","statementMap":{"0":{"start":{"line":1,"column":14},"end":{"line":1,"column":32}},"1":{"start":{"line":2,"column":13},"end":{"line":2,"column":29}},"2":{"start":{"line":3,"column":13},"end":{"line":3,"column":15}},"3":{"start":{"line":4,"column":19},"end":{"line":4,"column":21}},"4":{"start":{"line":5,"column":15},"end":{"line":5,"column":17}},"5":{"start":{"line":6,"column":15},"end":{"line":6,"column":16}},"6":{"start":{"line":7,"column":15},"end":{"line":7,"column":16}},"7":{"start":{"line":8,"column":17},"end":{"line":8,"column":18}},"8":{"start":{"line":9,"column":16},"end":{"line":9,"column":18}},"9":{"start":{"line":10,"column":15},"end":{"line":10,"column":16}},"10":{"start":{"line":12,"column":0},"end":{"line":15,"column":3}},"11":{"start":{"line":14,"column":2},"end":{"line":14,"column":183}},"12":{"start":{"line":17,"column":0},"end":{"line":17,"column":83}},"13":{"start":{"line":17,"column":51},"end":{"line":17,"column":81}},"14":{"start":{"line":21,"column":0},"end":{"line":28,"column":3}},"15":{"start":{"line":23,"column":20},"end":{"line":23,"column":41}},"16":{"start":{"line":24,"column":3},"end":{"line":24,"column":32}},"17":{"start":{"line":25,"column":3},"end":{"line":25,"column":31}},"18":{"start":{"line":27,"column":3},"end":{"line":27,"column":54}},"19":{"start":{"line":30,"column":0},"end":{"line":40,"column":3}},"20":{"start":{"line":31,"column":20},"end":{"line":31,"column":39}},"21":{"start":{"line":32,"column":21},"end":{"line":32,"column":41}},"22":{"start":{"line":33,"column":3},"end":{"line":33,"column":26}},"23":{"start":{"line":34,"column":3},"end":{"line":34,"column":16}},"24":{"start":{"line":35,"column":3},"end":{"line":35,"column":58}},"25":{"start":{"line":36,"column":3},"end":{"line":36,"column":67}},"26":{"start":{"line":37,"column":3},"end":{"line":37,"column":25}},"27":{"start":{"line":39,"column":3},"end":{"line":39,"column":42}},"28":{"start":{"line":42,"column":0},"end":{"line":75,"column":3}},"29":{"start":{"line":43,"column":7},"end":{"line":43,"column":18}},"30":{"start":{"line":44,"column":17},"end":{"line":44,"column":34}},"31":{"start":{"line":45,"column":15},"end":{"line":45,"column":17}},"32":{"start":{"line":46,"column":3},"end":{"line":71,"column":5}},"33":{"start":{"line":47,"column":4},"end":{"line":68,"column":1}},"34":{"start":{"line":49,"column":4},"end":{"line":49,"column":27}},"35":{"start":{"line":50,"column":4},"end":{"line":50,"column":10}},"36":{"start":{"line":52,"column":6},"end":{"line":52,"column":32}},"37":{"start":{"line":53,"column":4},"end":{"line":53,"column":10}},"38":{"start":{"line":55,"column":8},"end":{"line":55,"column":29}},"39":{"start":{"line":56,"column":4},"end":{"line":56,"column":10}},"40":{"start":{"line":58,"column":8},"end":{"line":58,"column":37}},"41":{"start":{"line":59,"column":4},"end":{"line":59,"column":10}},"42":{"start":{"line":61,"column":10},"end":{"line":61,"column":39}},"43":{"start":{"line":62,"column":4},"end":{"line":62,"column":10}},"44":{"start":{"line":64,"column":12},"end":{"line":64,"column":41}},"45":{"start":{"line":65,"column":4},"end":{"line":65,"column":10}},"46":{"start":{"line":67,"column":6},"end":{"line":67,"column":35}},"47":{"start":{"line":72,"column":4},"end":{"line":72,"column":25}},"48":{"start":{"line":73,"column":3},"end":{"line":73,"column":27}},"49":{"start":{"line":74,"column":3},"end":{"line":74,"column":46}},"50":{"start":{"line":78,"column":0},"end":{"line":102,"column":3}},"51":{"start":{"line":79,"column":6},"end":{"line":79,"column":17}},"52":{"start":{"line":80,"column":19},"end":{"line":80,"column":33}},"53":{"start":{"line":81,"column":21},"end":{"line":81,"column":41}},"54":{"start":{"line":82,"column":3},"end":{"line":93,"column":6}},"55":{"start":{"line":83,"column":12},"end":{"line":83,"column":29}},"56":{"start":{"line":84,"column":13},"end":{"line":84,"column":27}},"57":{"start":{"line":85,"column":5},"end":{"line":92,"column":7}},"58":{"start":{"line":86,"column":4},"end":{"line":86,"column":34}},"59":{"start":{"line":87,"column":4},"end":{"line":87,"column":35}},"60":{"start":{"line":88,"column":4},"end":{"line":88,"column":36}},"61":{"start":{"line":89,"column":4},"end":{"line":89,"column":36}},"62":{"start":{"line":90,"column":4},"end":{"line":90,"column":36}},"63":{"start":{"line":95,"column":3},"end":{"line":95,"column":27}},"64":{"start":{"line":96,"column":3},"end":{"line":96,"column":50}},"65":{"start":{"line":97,"column":3},"end":{"line":97,"column":58}},"66":{"start":{"line":99,"column":3},"end":{"line":99,"column":28}},"67":{"start":{"line":101,"column":3},"end":{"line":101,"column":46}},"68":{"start":{"line":110,"column":0},"end":{"line":110,"column":24}}},"fnMap":{"0":{"name":"(anonymous_0)","decl":{"start":{"line":12,"column":16},"end":{"line":12,"column":17}},"loc":{"start":{"line":12,"column":41},"end":{"line":15,"column":1}},"line":12},"1":{"name":"(anonymous_1)","decl":{"start":{"line":17,"column":31},"end":{"line":17,"column":32}},"loc":{"start":{"line":17,"column":51},"end":{"line":17,"column":81}},"line":17},"2":{"name":"(anonymous_2)","decl":{"start":{"line":21,"column":28},"end":{"line":21,"column":29}},"loc":{"start":{"line":21,"column":48},"end":{"line":28,"column":1}},"line":21},"3":{"name":"(anonymous_3)","decl":{"start":{"line":30,"column":24},"end":{"line":30,"column":25}},"loc":{"start":{"line":30,"column":44},"end":{"line":40,"column":1}},"line":30},"4":{"name":"(anonymous_4)","decl":{"start":{"line":42,"column":29},"end":{"line":42,"column":30}},"loc":{"start":{"line":42,"column":49},"end":{"line":75,"column":1}},"line":42},"5":{"name":"(anonymous_5)","decl":{"start":{"line":46,"column":19},"end":{"line":46,"column":20}},"loc":{"start":{"line":46,"column":27},"end":{"line":71,"column":4}},"line":46},"6":{"name":"(anonymous_6)","decl":{"start":{"line":78,"column":26},"end":{"line":78,"column":27}},"loc":{"start":{"line":78,"column":46},"end":{"line":102,"column":1}},"line":78},"7":{"name":"(anonymous_7)","decl":{"start":{"line":82,"column":21},"end":{"line":82,"column":22}},"loc":{"start":{"line":82,"column":27},"end":{"line":93,"column":4}},"line":82},"8":{"name":"(anonymous_8)","decl":{"start":{"line":85,"column":18},"end":{"line":85,"column":19}},"loc":{"start":{"line":85,"column":27},"end":{"line":92,"column":6}},"line":85}},"branchMap":{"0":{"loc":{"start":{"line":35,"column":14},"end":{"line":35,"column":57}},"type":"binary-expr","locations":[{"start":{"line":35,"column":14},"end":{"line":35,"column":52}},{"start":{"line":35,"column":56},"end":{"line":35,"column":57}}],"line":35},"1":{"loc":{"start":{"line":47,"column":4},"end":{"line":68,"column":1}},"type":"switch","locations":[{"start":{"line":48,"column":2},"end":{"line":50,"column":10}},{"start":{"line":51,"column":2},"end":{"line":53,"column":10}},{"start":{"line":54,"column":2},"end":{"line":56,"column":10}},{"start":{"line":57,"column":2},"end":{"line":59,"column":10}},{"start":{"line":60,"column":2},"end":{"line":62,"column":10}},{"start":{"line":63,"column":2},"end":{"line":65,"column":10}},{"start":{"line":66,"column":2},"end":{"line":67,"column":35}}],"line":47},"2":{"loc":{"start":{"line":96,"column":21},"end":{"line":96,"column":49}},"type":"binary-expr","locations":[{"start":{"line":96,"column":21},"end":{"line":96,"column":46}},{"start":{"line":96,"column":48},"end":{"line":96,"column":49}}],"line":96}},"s":{"0":1,"1":1,"2":1,"3":1,"4":1,"5":1,"6":1,"7":1,"8":1,"9":1,"10":1,"11":1,"12":1,"13":0,"14":1,"15":0,"16":0,"17":0,"18":0,"19":1,"20":0,"21":0,"22":0,"23":0,"24":0,"25":0,"26":0,"27":0,"28":1,"29":0,"30":0,"31":0,"32":0,"33":0,"34":0,"35":0,"36":0,"37":0,"38":0,"39":0,"40":0,"41":0,"42":0,"43":0,"44":0,"45":0,"46":0,"47":0,"48":0,"49":0,"50":1,"51":0,"52":0,"53":0,"54":0,"55":0,"56":0,"57":0,"58":0,"59":0,"60":0,"61":0,"62":0,"63":0,"64":0,"65":0,"66":0,"67":0,"68":1},"f":{"0":1,"1":0,"2":0,"3":0,"4":0,"5":0,"6":0,"7":0,"8":0},"b":{"0":[0,0],"1":[0,0,0,0,0,0,0],"2":[0,0]},"_coverageSchema":"332fd63041d2c1bcb487cc26dd0d5f7d97098a6c","hash":"7c4af6940607fbea2327182e3df7985d76ab87c3"}
}
